  First.cpp
C:\Users\badga\Desktop\SeuYacc\SeuYacc\Declaration.h(22): warning C4091: 'typedef ': ignored on left of 'LRItem' when no variable is declared
C:\Users\badga\Desktop\SeuYacc\SeuYacc\Declaration.h(28): warning C4091: 'typedef ': ignored on left of 'LRState' when no variable is declared
C:\Users\badga\Desktop\SeuYacc\SeuYacc\Declaration.h(34): warning C4091: 'typedef ': ignored on left of 'GOTO' when no variable is declared
C:\Program Files (x86)\Microsoft Visual Studio\2019\Professional\VC\Tools\MSVC\14.20.27508\include\unordered_set(91): error C2280: 'std::hash<_Kty>::hash(const std::hash<_Kty> &)': attempting to reference a deleted function
          with
          [
              _Kty=GOTO
          ]
  C:\Program Files (x86)\Microsoft Visual Studio\2019\Professional\VC\Tools\MSVC\14.20.27508\include\type_traits(2010): note: compiler has generated 'std::hash<_Kty>::hash' here
          with
          [
              _Kty=GOTO
          ]
  C:\Program Files (x86)\Microsoft Visual Studio\2019\Professional\VC\Tools\MSVC\14.20.27508\include\type_traits(2010): note: 'std::hash<_Kty>::hash(const std::hash<_Kty> &)': function was implicitly deleted because a base class invokes a deleted or inaccessible function 'std::_Conditionally_enabled_hash<_Kty,false>::_Conditionally_enabled_hash(const std::_Conditionally_enabled_hash<_Kty,false> &)'
          with
          [
              _Kty=GOTO
          ]
  C:\Program Files (x86)\Microsoft Visual Studio\2019\Professional\VC\Tools\MSVC\14.20.27508\include\type_traits(1994): note: 'std::_Conditionally_enabled_hash<_Kty,false>::_Conditionally_enabled_hash(const std::_Conditionally_enabled_hash<_Kty,false> &)': function was explicitly deleted
          with
          [
              _Kty=GOTO
          ]
  C:\Program Files (x86)\Microsoft Visual Studio\2019\Professional\VC\Tools\MSVC\14.20.27508\include\unordered_set(91): note: while compiling class template member function 'std::unordered_set<GOTO,std::hash<_Kty>,std::equal_to<_Kty>,std::allocator<_Kty>>::unordered_set(void)'
          with
          [
              _Kty=GOTO
          ]
  C:\Users\badga\Desktop\SeuYacc\SeuYacc\Declaration.h(44): note: see reference to function template instantiation 'std::unordered_set<GOTO,std::hash<_Kty>,std::equal_to<_Kty>,std::allocator<_Kty>>::unordered_set(void)' being compiled
          with
          [
              _Kty=GOTO
          ]
  C:\Users\badga\Desktop\SeuYacc\SeuYacc\Declaration.h(44): note: see reference to class template instantiation 'std::unordered_set<GOTO,std::hash<_Kty>,std::equal_to<_Kty>,std::allocator<_Kty>>' being compiled
          with
          [
              _Kty=GOTO
          ]
  GenYaccFile.cpp
C:\Users\badga\Desktop\SeuYacc\SeuYacc\Declaration.h(22): warning C4091: 'typedef ': ignored on left of 'LRItem' when no variable is declared
C:\Users\badga\Desktop\SeuYacc\SeuYacc\Declaration.h(28): warning C4091: 'typedef ': ignored on left of 'LRState' when no variable is declared
C:\Users\badga\Desktop\SeuYacc\SeuYacc\Declaration.h(34): warning C4091: 'typedef ': ignored on left of 'GOTO' when no variable is declared
C:\Program Files (x86)\Microsoft Visual Studio\2019\Professional\VC\Tools\MSVC\14.20.27508\include\unordered_set(91): error C2280: 'std::hash<_Kty>::hash(const std::hash<_Kty> &)': attempting to reference a deleted function
          with
          [
              _Kty=GOTO
          ]
  C:\Program Files (x86)\Microsoft Visual Studio\2019\Professional\VC\Tools\MSVC\14.20.27508\include\type_traits(2010): note: compiler has generated 'std::hash<_Kty>::hash' here
          with
          [
              _Kty=GOTO
          ]
  C:\Program Files (x86)\Microsoft Visual Studio\2019\Professional\VC\Tools\MSVC\14.20.27508\include\type_traits(2010): note: 'std::hash<_Kty>::hash(const std::hash<_Kty> &)': function was implicitly deleted because a base class invokes a deleted or inaccessible function 'std::_Conditionally_enabled_hash<_Kty,false>::_Conditionally_enabled_hash(const std::_Conditionally_enabled_hash<_Kty,false> &)'
          with
          [
              _Kty=GOTO
          ]
  C:\Program Files (x86)\Microsoft Visual Studio\2019\Professional\VC\Tools\MSVC\14.20.27508\include\type_traits(1994): note: 'std::_Conditionally_enabled_hash<_Kty,false>::_Conditionally_enabled_hash(const std::_Conditionally_enabled_hash<_Kty,false> &)': function was explicitly deleted
          with
          [
              _Kty=GOTO
          ]
  C:\Program Files (x86)\Microsoft Visual Studio\2019\Professional\VC\Tools\MSVC\14.20.27508\include\unordered_set(91): note: while compiling class template member function 'std::unordered_set<GOTO,std::hash<_Kty>,std::equal_to<_Kty>,std::allocator<_Kty>>::unordered_set(void)'
          with
          [
              _Kty=GOTO
          ]
  C:\Users\badga\Desktop\SeuYacc\SeuYacc\Declaration.h(44): note: see reference to function template instantiation 'std::unordered_set<GOTO,std::hash<_Kty>,std::equal_to<_Kty>,std::allocator<_Kty>>::unordered_set(void)' being compiled
          with
          [
              _Kty=GOTO
          ]
  C:\Users\badga\Desktop\SeuYacc\SeuYacc\Declaration.h(44): note: see reference to class template instantiation 'std::unordered_set<GOTO,std::hash<_Kty>,std::equal_to<_Kty>,std::allocator<_Kty>>' being compiled
          with
          [
              _Kty=GOTO
          ]
  LRTable.cpp
C:\Users\badga\Desktop\SeuYacc\SeuYacc\Declaration.h(22): warning C4091: 'typedef ': ignored on left of 'LRItem' when no variable is declared
C:\Users\badga\Desktop\SeuYacc\SeuYacc\Declaration.h(28): warning C4091: 'typedef ': ignored on left of 'LRState' when no variable is declared
C:\Users\badga\Desktop\SeuYacc\SeuYacc\Declaration.h(34): warning C4091: 'typedef ': ignored on left of 'GOTO' when no variable is declared
C:\Program Files (x86)\Microsoft Visual Studio\2019\Professional\VC\Tools\MSVC\14.20.27508\include\unordered_set(91): error C2280: 'std::hash<_Kty>::hash(const std::hash<_Kty> &)': attempting to reference a deleted function
          with
          [
              _Kty=GOTO
          ]
  C:\Program Files (x86)\Microsoft Visual Studio\2019\Professional\VC\Tools\MSVC\14.20.27508\include\type_traits(2010): note: compiler has generated 'std::hash<_Kty>::hash' here
          with
          [
              _Kty=GOTO
          ]
  C:\Program Files (x86)\Microsoft Visual Studio\2019\Professional\VC\Tools\MSVC\14.20.27508\include\type_traits(2010): note: 'std::hash<_Kty>::hash(const std::hash<_Kty> &)': function was implicitly deleted because a base class invokes a deleted or inaccessible function 'std::_Conditionally_enabled_hash<_Kty,false>::_Conditionally_enabled_hash(const std::_Conditionally_enabled_hash<_Kty,false> &)'
          with
          [
              _Kty=GOTO
          ]
  C:\Program Files (x86)\Microsoft Visual Studio\2019\Professional\VC\Tools\MSVC\14.20.27508\include\type_traits(1994): note: 'std::_Conditionally_enabled_hash<_Kty,false>::_Conditionally_enabled_hash(const std::_Conditionally_enabled_hash<_Kty,false> &)': function was explicitly deleted
          with
          [
              _Kty=GOTO
          ]
  C:\Program Files (x86)\Microsoft Visual Studio\2019\Professional\VC\Tools\MSVC\14.20.27508\include\unordered_set(91): note: while compiling class template member function 'std::unordered_set<GOTO,std::hash<_Kty>,std::equal_to<_Kty>,std::allocator<_Kty>>::unordered_set(void)'
          with
          [
              _Kty=GOTO
          ]
  C:\Users\badga\Desktop\SeuYacc\SeuYacc\Declaration.h(44): note: see reference to function template instantiation 'std::unordered_set<GOTO,std::hash<_Kty>,std::equal_to<_Kty>,std::allocator<_Kty>>::unordered_set(void)' being compiled
          with
          [
              _Kty=GOTO
          ]
  C:\Users\badga\Desktop\SeuYacc\SeuYacc\Declaration.h(44): note: see reference to class template instantiation 'std::unordered_set<GOTO,std::hash<_Kty>,std::equal_to<_Kty>,std::allocator<_Kty>>' being compiled
          with
          [
              _Kty=GOTO
          ]
  Main.cpp
C:\Users\badga\Desktop\SeuYacc\SeuYacc\Declaration.h(22): warning C4091: 'typedef ': ignored on left of 'LRItem' when no variable is declared
C:\Users\badga\Desktop\SeuYacc\SeuYacc\Declaration.h(28): warning C4091: 'typedef ': ignored on left of 'LRState' when no variable is declared
C:\Users\badga\Desktop\SeuYacc\SeuYacc\Declaration.h(34): warning C4091: 'typedef ': ignored on left of 'GOTO' when no variable is declared
C:\Program Files (x86)\Microsoft Visual Studio\2019\Professional\VC\Tools\MSVC\14.20.27508\include\unordered_set(91): error C2280: 'std::hash<_Kty>::hash(const std::hash<_Kty> &)': attempting to reference a deleted function
          with
          [
              _Kty=GOTO
          ]
  C:\Program Files (x86)\Microsoft Visual Studio\2019\Professional\VC\Tools\MSVC\14.20.27508\include\type_traits(2010): note: compiler has generated 'std::hash<_Kty>::hash' here
          with
          [
              _Kty=GOTO
          ]
  C:\Program Files (x86)\Microsoft Visual Studio\2019\Professional\VC\Tools\MSVC\14.20.27508\include\type_traits(2010): note: 'std::hash<_Kty>::hash(const std::hash<_Kty> &)': function was implicitly deleted because a base class invokes a deleted or inaccessible function 'std::_Conditionally_enabled_hash<_Kty,false>::_Conditionally_enabled_hash(const std::_Conditionally_enabled_hash<_Kty,false> &)'
          with
          [
              _Kty=GOTO
          ]
  C:\Program Files (x86)\Microsoft Visual Studio\2019\Professional\VC\Tools\MSVC\14.20.27508\include\type_traits(1994): note: 'std::_Conditionally_enabled_hash<_Kty,false>::_Conditionally_enabled_hash(const std::_Conditionally_enabled_hash<_Kty,false> &)': function was explicitly deleted
          with
          [
              _Kty=GOTO
          ]
  C:\Program Files (x86)\Microsoft Visual Studio\2019\Professional\VC\Tools\MSVC\14.20.27508\include\unordered_set(91): note: while compiling class template member function 'std::unordered_set<GOTO,std::hash<_Kty>,std::equal_to<_Kty>,std::allocator<_Kty>>::unordered_set(void)'
          with
          [
              _Kty=GOTO
          ]
  C:\Users\badga\Desktop\SeuYacc\SeuYacc\Declaration.h(44): note: see reference to function template instantiation 'std::unordered_set<GOTO,std::hash<_Kty>,std::equal_to<_Kty>,std::allocator<_Kty>>::unordered_set(void)' being compiled
          with
          [
              _Kty=GOTO
          ]
  C:\Users\badga\Desktop\SeuYacc\SeuYacc\Declaration.h(44): note: see reference to class template instantiation 'std::unordered_set<GOTO,std::hash<_Kty>,std::equal_to<_Kty>,std::allocator<_Kty>>' being compiled
          with
          [
              _Kty=GOTO
          ]
  ParsingFile.cpp
C:\Users\badga\Desktop\SeuYacc\SeuYacc\Declaration.h(22): warning C4091: 'typedef ': ignored on left of 'LRItem' when no variable is declared
C:\Users\badga\Desktop\SeuYacc\SeuYacc\Declaration.h(28): warning C4091: 'typedef ': ignored on left of 'LRState' when no variable is declared
C:\Users\badga\Desktop\SeuYacc\SeuYacc\Declaration.h(34): warning C4091: 'typedef ': ignored on left of 'GOTO' when no variable is declared
C:\Program Files (x86)\Microsoft Visual Studio\2019\Professional\VC\Tools\MSVC\14.20.27508\include\unordered_set(91): error C2280: 'std::hash<_Kty>::hash(const std::hash<_Kty> &)': attempting to reference a deleted function
          with
          [
              _Kty=GOTO
          ]
  C:\Program Files (x86)\Microsoft Visual Studio\2019\Professional\VC\Tools\MSVC\14.20.27508\include\type_traits(2010): note: compiler has generated 'std::hash<_Kty>::hash' here
          with
          [
              _Kty=GOTO
          ]
  C:\Program Files (x86)\Microsoft Visual Studio\2019\Professional\VC\Tools\MSVC\14.20.27508\include\type_traits(2010): note: 'std::hash<_Kty>::hash(const std::hash<_Kty> &)': function was implicitly deleted because a base class invokes a deleted or inaccessible function 'std::_Conditionally_enabled_hash<_Kty,false>::_Conditionally_enabled_hash(const std::_Conditionally_enabled_hash<_Kty,false> &)'
          with
          [
              _Kty=GOTO
          ]
  C:\Program Files (x86)\Microsoft Visual Studio\2019\Professional\VC\Tools\MSVC\14.20.27508\include\type_traits(1994): note: 'std::_Conditionally_enabled_hash<_Kty,false>::_Conditionally_enabled_hash(const std::_Conditionally_enabled_hash<_Kty,false> &)': function was explicitly deleted
          with
          [
              _Kty=GOTO
          ]
  C:\Program Files (x86)\Microsoft Visual Studio\2019\Professional\VC\Tools\MSVC\14.20.27508\include\unordered_set(91): note: while compiling class template member function 'std::unordered_set<GOTO,std::hash<_Kty>,std::equal_to<_Kty>,std::allocator<_Kty>>::unordered_set(void)'
          with
          [
              _Kty=GOTO
          ]
  C:\Users\badga\Desktop\SeuYacc\SeuYacc\Declaration.h(44): note: see reference to function template instantiation 'std::unordered_set<GOTO,std::hash<_Kty>,std::equal_to<_Kty>,std::allocator<_Kty>>::unordered_set(void)' being compiled
          with
          [
              _Kty=GOTO
          ]
  C:\Users\badga\Desktop\SeuYacc\SeuYacc\Declaration.h(44): note: see reference to class template instantiation 'std::unordered_set<GOTO,std::hash<_Kty>,std::equal_to<_Kty>,std::allocator<_Kty>>' being compiled
          with
          [
              _Kty=GOTO
          ]
  ToLR.cpp
C:\Users\badga\Desktop\SeuYacc\SeuYacc\Declaration.h(22): warning C4091: 'typedef ': ignored on left of 'LRItem' when no variable is declared
C:\Users\badga\Desktop\SeuYacc\SeuYacc\Declaration.h(28): warning C4091: 'typedef ': ignored on left of 'LRState' when no variable is declared
C:\Users\badga\Desktop\SeuYacc\SeuYacc\Declaration.h(34): warning C4091: 'typedef ': ignored on left of 'GOTO' when no variable is declared
C:\Program Files (x86)\Microsoft Visual Studio\2019\Professional\VC\Tools\MSVC\14.20.27508\include\unordered_set(91): error C2280: 'std::hash<_Kty>::hash(const std::hash<_Kty> &)': attempting to reference a deleted function
          with
          [
              _Kty=GOTO
          ]
  C:\Program Files (x86)\Microsoft Visual Studio\2019\Professional\VC\Tools\MSVC\14.20.27508\include\type_traits(2010): note: compiler has generated 'std::hash<_Kty>::hash' here
          with
          [
              _Kty=GOTO
          ]
  C:\Program Files (x86)\Microsoft Visual Studio\2019\Professional\VC\Tools\MSVC\14.20.27508\include\type_traits(2010): note: 'std::hash<_Kty>::hash(const std::hash<_Kty> &)': function was implicitly deleted because a base class invokes a deleted or inaccessible function 'std::_Conditionally_enabled_hash<_Kty,false>::_Conditionally_enabled_hash(const std::_Conditionally_enabled_hash<_Kty,false> &)'
          with
          [
              _Kty=GOTO
          ]
  C:\Program Files (x86)\Microsoft Visual Studio\2019\Professional\VC\Tools\MSVC\14.20.27508\include\type_traits(1994): note: 'std::_Conditionally_enabled_hash<_Kty,false>::_Conditionally_enabled_hash(const std::_Conditionally_enabled_hash<_Kty,false> &)': function was explicitly deleted
          with
          [
              _Kty=GOTO
          ]
  C:\Program Files (x86)\Microsoft Visual Studio\2019\Professional\VC\Tools\MSVC\14.20.27508\include\unordered_set(91): note: while compiling class template member function 'std::unordered_set<GOTO,std::hash<_Kty>,std::equal_to<_Kty>,std::allocator<_Kty>>::unordered_set(void)'
          with
          [
              _Kty=GOTO
          ]
  C:\Users\badga\Desktop\SeuYacc\SeuYacc\Declaration.h(44): note: see reference to function template instantiation 'std::unordered_set<GOTO,std::hash<_Kty>,std::equal_to<_Kty>,std::allocator<_Kty>>::unordered_set(void)' being compiled
          with
          [
              _Kty=GOTO
          ]
  C:\Users\badga\Desktop\SeuYacc\SeuYacc\Declaration.h(44): note: see reference to class template instantiation 'std::unordered_set<GOTO,std::hash<_Kty>,std::equal_to<_Kty>,std::allocator<_Kty>>' being compiled
          with
          [
              _Kty=GOTO
          ]
  Generating Code...
